{
  "RSpec": {
    "coverage": {
      "/home/cleow/tic-tac-toe-rb-online-web-sp-000/lib/tic_tac_toe.rb": [
        1,
        null,
        1,
        21,
        21,
        21,
        21,
        21,
        null,
        null,
        1,
        20,
        20,
        null,
        null,
        1,
        19,
        null,
        null,
        1,
        22,
        19,
        null,
        3,
        null,
        null,
        null,
        1,
        20,
        17,
        null,
        3,
        null,
        null,
        null,
        1,
        17,
        17,
        17,
        17,
        16,
        16,
        null,
        1,
        null,
        null,
        null,
        1,
        2,
        2,
        18,
        5,
        null,
        null,
        2,
        null,
        null,
        1,
        1,
        1,
        null,
        0,
        null,
        null,
        null,
        1,
        46,
        226,
        226,
        226,
        null,
        226,
        226,
        226,
        null,
        226,
        26,
        null,
        null,
        20,
        null,
        null,
        1,
        154,
        null,
        null,
        null,
        1,
        25,
        null,
        null,
        1,
        18,
        null,
        null,
        1,
        14,
        14,
        13,
        13,
        null,
        null,
        null,
        1,
        12,
        14,
        null,
        12,
        6,
        6,
        6,
        3,
        null,
        null
      ]
    },
    "timestamp": 1580412992
  }
}
